<?xml version="1.0" encoding="utf-8"?>
<TestRun id="414a7a80-1cf0-4193-9bdd-0898cdf58f3b" name="@c9e673c05446 2025-05-15 05:27:54" xmlns="http://microsoft.com/schemas/VisualStudio/TeamTest/2010">
  <Times creation="2025-05-15T05:27:54.5668963+00:00" queuing="2025-05-15T05:27:54.5668965+00:00" start="2025-05-15T05:27:52.1857956+00:00" finish="2025-05-15T05:27:54.6985755+00:00" />
  <TestSettings name="default" id="a0e36088-8229-4a48-9c96-ce33975ceace">
    <Deployment runDeploymentRoot="_c9e673c05446_2025-05-15_05_27_54" />
  </TestSettings>
  <Results>
    <UnitTestResult executionId="ef0eb79b-549b-4236-9972-6c06569df2cf" testId="9704eb14-a1a9-c74f-9659-49c561e760d7" testName="ShulamitP_Mizrahi_Calc_Api.Tests.Handlers.ArithmeticHandlerTests.Calculate_ValidOperations_ReturnsCorrectResult(num1: 10, num2: 5, operation: Multiply, expected: 50)" computerName="c9e673c05446" duration="00:00:00.0092659" startTime="2025-05-15T05:27:54.3745571+00:00" endTime="2025-05-15T05:27:54.3835018+00:00" testType="13cdc9d9-ddb5-4fa4-a97d-d965ccfc6d4b" outcome="Passed" testListId="8c84fa94-04c1-424b-9868-57a2d4851a1d" relativeResultsDirectory="ef0eb79b-549b-4236-9972-6c06569df2cf" />
    <UnitTestResult executionId="b0680880-024c-4ea9-bd4c-de9b22545dca" testId="c6062c1e-b27e-4619-6059-de33ba755831" testName="ShulamitP_Mizrahi_Calc_Api.Tests.Handlers.ArithmeticHandlerTests.Calculate_FirstNumberNull_ThrowsArgumentException" computerName="c9e673c05446" duration="00:00:00.0008847" startTime="2025-05-15T05:27:54.4687749+00:00" endTime="2025-05-15T05:27:54.4689856+00:00" testType="13cdc9d9-ddb5-4fa4-a97d-d965ccfc6d4b" outcome="Passed" testListId="8c84fa94-04c1-424b-9868-57a2d4851a1d" relativeResultsDirectory="b0680880-024c-4ea9-bd4c-de9b22545dca" />
    <UnitTestResult executionId="5845444c-4988-435c-9a7d-5ac09b4503fc" testId="06b760fa-bc83-701c-28a0-abee17aa0efe" testName="ShulamitP_Mizrahi_Calc_Api.Tests.UnitTest1.Test1" computerName="c9e673c05446" duration="00:00:00.1056553" startTime="2025-05-15T05:27:53.8466650+00:00" endTime="2025-05-15T05:27:53.9797077+00:00" testType="13cdc9d9-ddb5-4fa4-a97d-d965ccfc6d4b" outcome="Passed" testListId="8c84fa94-04c1-424b-9868-57a2d4851a1d" relativeResultsDirectory="5845444c-4988-435c-9a7d-5ac09b4503fc" />
    <UnitTestResult executionId="50030efc-199c-4e92-be58-70083a6241ae" testId="a2d6c84a-f487-c2cc-350f-fb76eb6b243c" testName="ShulamitP_Mizrahi_Calc_Api.Tests.Controllers.ArithmeticControllerTests.Calculate_ValidRequest_ReturnsOkResult" computerName="c9e673c05446" duration="00:00:00.0138507" startTime="2025-05-15T05:27:54.4745409+00:00" endTime="2025-05-15T05:27:54.4748111+00:00" testType="13cdc9d9-ddb5-4fa4-a97d-d965ccfc6d4b" outcome="Passed" testListId="8c84fa94-04c1-424b-9868-57a2d4851a1d" relativeResultsDirectory="50030efc-199c-4e92-be58-70083a6241ae" />
    <UnitTestResult executionId="cb27f9c3-8b42-46a7-b553-08d8d23eb1ea" testId="dd253941-8bd3-8f63-a00f-da0be9379373" testName="ShulamitP_Mizrahi_Calc_Api.Tests.Controllers.ArithmeticControllerTests.Calculate_HandlerThrowsInvalidOperationException_ReturnsBadRequest" computerName="c9e673c05446" duration="00:00:00.5525773" startTime="2025-05-15T05:27:53.8491020+00:00" endTime="2025-05-15T05:27:54.4726509+00:00" testType="13cdc9d9-ddb5-4fa4-a97d-d965ccfc6d4b" outcome="Passed" testListId="8c84fa94-04c1-424b-9868-57a2d4851a1d" relativeResultsDirectory="cb27f9c3-8b42-46a7-b553-08d8d23eb1ea" />
    <UnitTestResult executionId="8333da9c-4e12-43b5-85c0-ae05a4c4efab" testId="8e8b1d4f-6a30-317c-0e4c-92a18ee7ec05" testName="ShulamitP_Mizrahi_Calc_Api.Tests.Controllers.AuthenticationControllerTests.Login_ValidRequest_ReturnsOkResultWithToken" computerName="c9e673c05446" duration="00:00:00.0038557" startTime="2025-05-15T05:27:54.3650341+00:00" endTime="2025-05-15T05:27:54.3677601+00:00" testType="13cdc9d9-ddb5-4fa4-a97d-d965ccfc6d4b" outcome="Passed" testListId="8c84fa94-04c1-424b-9868-57a2d4851a1d" relativeResultsDirectory="8333da9c-4e12-43b5-85c0-ae05a4c4efab" />
    <UnitTestResult executionId="d6df7e2d-5963-4409-9d40-ec20e4cef6b1" testId="9f01bd26-6ed7-b1de-51c5-e2dcc5f11242" testName="ShulamitP_Mizrahi_Calc_Api.Tests.Handlers.ArithmeticHandlerTests.Calculate_SecondNumberNull_ThrowsArgumentException" computerName="c9e673c05446" duration="00:00:00.0020454" startTime="2025-05-15T05:27:54.3389930+00:00" endTime="2025-05-15T05:27:54.3392586+00:00" testType="13cdc9d9-ddb5-4fa4-a97d-d965ccfc6d4b" outcome="Passed" testListId="8c84fa94-04c1-424b-9868-57a2d4851a1d" relativeResultsDirectory="d6df7e2d-5963-4409-9d40-ec20e4cef6b1" />
    <UnitTestResult executionId="e42dd65c-4b64-419c-912f-3931aa422c39" testId="cf1ef438-271f-a5d3-3eb8-00c72c6aeb70" testName="ShulamitP_Mizrahi_Calc_Api.Tests.Controllers.AuthenticationControllerTests.Login_HandlerReturnsNull_ReturnsUnauthorized" computerName="c9e673c05446" duration="00:00:00.5103626" startTime="2025-05-15T05:27:53.8492265+00:00" endTime="2025-05-15T05:27:54.3636766+00:00" testType="13cdc9d9-ddb5-4fa4-a97d-d965ccfc6d4b" outcome="Passed" testListId="8c84fa94-04c1-424b-9868-57a2d4851a1d" relativeResultsDirectory="e42dd65c-4b64-419c-912f-3931aa422c39" />
    <UnitTestResult executionId="c0d81e8b-911f-47a5-bd28-e9a53c757733" testId="d048ca3c-b630-885b-d565-96556520bc71" testName="ShulamitP_Mizrahi_Calc_Api.Tests.Handlers.LoginHandlerTests.GetJwt_MissingSecret_ThrowsArgumentNullException" computerName="c9e673c05446" duration="00:00:00.0025523" startTime="2025-05-15T05:27:54.5791471+00:00" endTime="2025-05-15T05:27:54.5811849+00:00" testType="13cdc9d9-ddb5-4fa4-a97d-d965ccfc6d4b" outcome="Passed" testListId="8c84fa94-04c1-424b-9868-57a2d4851a1d" relativeResultsDirectory="c0d81e8b-911f-47a5-bd28-e9a53c757733" />
    <UnitTestResult executionId="994c9bdd-64df-4e6c-a6fd-bcaad767fee7" testId="d4469894-a603-8364-6d3b-80498b66fd72" testName="ShulamitP_Mizrahi_Calc_Api.Tests.Controllers.ArithmeticControllerTests.Calculate_HandlerThrowsUnexpectedException_ReturnsInternalServerError" computerName="c9e673c05446" duration="00:00:00.0054532" startTime="2025-05-15T05:27:54.4734122+00:00" endTime="2025-05-15T05:27:54.4737198+00:00" testType="13cdc9d9-ddb5-4fa4-a97d-d965ccfc6d4b" outcome="Passed" testListId="8c84fa94-04c1-424b-9868-57a2d4851a1d" relativeResultsDirectory="994c9bdd-64df-4e6c-a6fd-bcaad767fee7" />
    <UnitTestResult executionId="5c895faf-a616-48ac-b51a-0d28dccc3ccb" testId="834eb81c-a37c-3620-4426-b5d4fde5c06a" testName="ShulamitP_Mizrahi_Calc_Api.Tests.Handlers.LoginHandlerTests.GetJwt_ReturnsValidToken" computerName="c9e673c05446" duration="00:00:00.2100326" startTime="2025-05-15T05:27:54.3689039+00:00" endTime="2025-05-15T05:27:54.5783818+00:00" testType="13cdc9d9-ddb5-4fa4-a97d-d965ccfc6d4b" outcome="Passed" testListId="8c84fa94-04c1-424b-9868-57a2d4851a1d" relativeResultsDirectory="5c895faf-a616-48ac-b51a-0d28dccc3ccb" />
    <UnitTestResult executionId="82406678-1448-4053-aeb5-c77c69425dfa" testId="1e9c3b0f-372e-a63b-0aca-40ae429b3817" testName="ShulamitP_Mizrahi_Calc_Api.Tests.Handlers.ArithmeticHandlerTests.Calculate_ValidOperations_ReturnsCorrectResult(num1: 10, num2: 5, operation: Subtract, expected: 5)" computerName="c9e673c05446" duration="00:00:00.0352834" startTime="2025-05-15T05:27:54.3398150+00:00" endTime="2025-05-15T05:27:54.3740253+00:00" testType="13cdc9d9-ddb5-4fa4-a97d-d965ccfc6d4b" outcome="Passed" testListId="8c84fa94-04c1-424b-9868-57a2d4851a1d" relativeResultsDirectory="82406678-1448-4053-aeb5-c77c69425dfa" />
    <UnitTestResult executionId="4aaaf972-f72d-4cec-8994-ba446fb4c9f6" testId="b80cd3a8-2189-782a-6f8a-63effd4524da" testName="ShulamitP_Mizrahi_Calc_Api.Tests.Handlers.ArithmeticHandlerTests.Calculate_NullRequest_ThrowsArgumentNullException" computerName="c9e673c05446" duration="00:00:00.0006357" startTime="2025-05-15T05:27:54.4695973+00:00" endTime="2025-05-15T05:27:54.4697870+00:00" testType="13cdc9d9-ddb5-4fa4-a97d-d965ccfc6d4b" outcome="Passed" testListId="8c84fa94-04c1-424b-9868-57a2d4851a1d" relativeResultsDirectory="4aaaf972-f72d-4cec-8994-ba446fb4c9f6" />
    <UnitTestResult executionId="09304342-a92e-4957-8e74-9b2e70f29133" testId="86d187c0-9e15-7d7f-435c-dbe819c05fdf" testName="ShulamitP_Mizrahi_Calc_Api.Tests.Controllers.ArithmeticControllerTests.Calculate_HandlerThrowsArgumentException_ReturnsBadRequest" computerName="c9e673c05446" duration="00:00:00.0050857" startTime="2025-05-15T05:27:54.4793083+00:00" endTime="2025-05-15T05:27:54.4796267+00:00" testType="13cdc9d9-ddb5-4fa4-a97d-d965ccfc6d4b" outcome="Passed" testListId="8c84fa94-04c1-424b-9868-57a2d4851a1d" relativeResultsDirectory="09304342-a92e-4957-8e74-9b2e70f29133" />
    <UnitTestResult executionId="db11fe49-b2c0-4735-bca2-b3cfcad128d3" testId="634ae38d-24d6-6716-7db5-7e55e167b297" testName="ShulamitP_Mizrahi_Calc_Api.Tests.Handlers.ArithmeticHandlerTests.Calculate_ValidOperations_ReturnsCorrectResult(num1: 10, num2: 5, operation: Divide, expected: 2)" computerName="c9e673c05446" duration="00:00:00.0018279" startTime="2025-05-15T05:27:54.4674051+00:00" endTime="2025-05-15T05:27:54.4676159+00:00" testType="13cdc9d9-ddb5-4fa4-a97d-d965ccfc6d4b" outcome="Passed" testListId="8c84fa94-04c1-424b-9868-57a2d4851a1d" relativeResultsDirectory="db11fe49-b2c0-4735-bca2-b3cfcad128d3" />
    <UnitTestResult executionId="2f53efaa-1278-430b-aa0b-2455c4d0584a" testId="19be3466-07e3-2891-d2de-7a9b24bbc498" testName="ShulamitP_Mizrahi_Calc_Api.Tests.Handlers.ArithmeticHandlerTests.Calculate_NullNumbers_ThrowsArgumentException" computerName="c9e673c05446" duration="00:00:00.3157010" startTime="2025-05-15T05:27:54.0465321+00:00" endTime="2025-05-15T05:27:54.3368159+00:00" testType="13cdc9d9-ddb5-4fa4-a97d-d965ccfc6d4b" outcome="Passed" testListId="8c84fa94-04c1-424b-9868-57a2d4851a1d" relativeResultsDirectory="2f53efaa-1278-430b-aa0b-2455c4d0584a" />
    <UnitTestResult executionId="9c97038c-c1a1-482d-9347-cc55385afa55" testId="8361a37d-f5c7-be57-b473-2220e694bf8e" testName="ShulamitP_Mizrahi_Calc_Api.Tests.Handlers.ArithmeticHandlerTests.Calculate_UnsupportedOperation_ThrowsNotSupportedException" computerName="c9e673c05446" duration="00:00:00.0049265" startTime="2025-05-15T05:27:54.4715765+00:00" endTime="2025-05-15T05:27:54.4720044+00:00" testType="13cdc9d9-ddb5-4fa4-a97d-d965ccfc6d4b" outcome="Passed" testListId="8c84fa94-04c1-424b-9868-57a2d4851a1d" relativeResultsDirectory="9c97038c-c1a1-482d-9347-cc55385afa55" />
    <UnitTestResult executionId="d52850f8-bb46-424b-909c-c1cf1f52d394" testId="c4e38664-db6a-f28a-a5a5-ff5fa3e01c53" testName="ShulamitP_Mizrahi_Calc_Api.Tests.Handlers.ArithmeticHandlerTests.Calculate_DivideByZero_ThrowsInvalidOperationException" computerName="c9e673c05446" duration="00:00:00.0008318" startTime="2025-05-15T05:27:54.4703996+00:00" endTime="2025-05-15T05:27:54.4706102+00:00" testType="13cdc9d9-ddb5-4fa4-a97d-d965ccfc6d4b" outcome="Passed" testListId="8c84fa94-04c1-424b-9868-57a2d4851a1d" relativeResultsDirectory="d52850f8-bb46-424b-909c-c1cf1f52d394" />
    <UnitTestResult executionId="9b954c97-f318-440e-bfca-22cfc455cdc2" testId="8ee446ac-0cc1-a61a-5274-16db49a330fa" testName="ShulamitP_Mizrahi_Calc_Api.Tests.Handlers.ArithmeticHandlerTests.Calculate_ValidOperations_ReturnsCorrectResult(num1: 10, num2: 5, operation: Add, expected: 15)" computerName="c9e673c05446" duration="00:00:00.0020199" startTime="2025-05-15T05:27:54.4662654+00:00" endTime="2025-05-15T05:27:54.4665869+00:00" testType="13cdc9d9-ddb5-4fa4-a97d-d965ccfc6d4b" outcome="Passed" testListId="8c84fa94-04c1-424b-9868-57a2d4851a1d" relativeResultsDirectory="9b954c97-f318-440e-bfca-22cfc455cdc2" />
  </Results>
  <TestDefinitions>
    <UnitTest name="ShulamitP_Mizrahi_Calc_Api.Tests.Handlers.ArithmeticHandlerTests.Calculate_SecondNumberNull_ThrowsArgumentException" storage="/src/test/shulamitp_mizrahi_calc_api.tests/bin/debug/net8.0/shulamitp_mizrahi_calc_api.tests.dll" id="9f01bd26-6ed7-b1de-51c5-e2dcc5f11242">
      <Execution id="d6df7e2d-5963-4409-9d40-ec20e4cef6b1" />
      <TestMethod codeBase="/src/test/ShulamitP_Mizrahi_Calc_Api.Tests/bin/Debug/net8.0/ShulamitP_Mizrahi_Calc_Api.Tests.dll" adapterTypeName="executor://xunit/VsTestRunner3/netcore/" className="ShulamitP_Mizrahi_Calc_Api.Tests.Handlers.ArithmeticHandlerTests" name="Calculate_SecondNumberNull_ThrowsArgumentException" />
    </UnitTest>
    <UnitTest name="ShulamitP_Mizrahi_Calc_Api.Tests.Handlers.ArithmeticHandlerTests.Calculate_ValidOperations_ReturnsCorrectResult(num1: 10, num2: 5, operation: Divide, expected: 2)" storage="/src/test/shulamitp_mizrahi_calc_api.tests/bin/debug/net8.0/shulamitp_mizrahi_calc_api.tests.dll" id="634ae38d-24d6-6716-7db5-7e55e167b297">
      <Execution id="db11fe49-b2c0-4735-bca2-b3cfcad128d3" />
      <TestMethod codeBase="/src/test/ShulamitP_Mizrahi_Calc_Api.Tests/bin/Debug/net8.0/ShulamitP_Mizrahi_Calc_Api.Tests.dll" adapterTypeName="executor://xunit/VsTestRunner3/netcore/" className="ShulamitP_Mizrahi_Calc_Api.Tests.Handlers.ArithmeticHandlerTests" name="Calculate_ValidOperations_ReturnsCorrectResult" />
    </UnitTest>
    <UnitTest name="ShulamitP_Mizrahi_Calc_Api.Tests.Handlers.ArithmeticHandlerTests.Calculate_UnsupportedOperation_ThrowsNotSupportedException" storage="/src/test/shulamitp_mizrahi_calc_api.tests/bin/debug/net8.0/shulamitp_mizrahi_calc_api.tests.dll" id="8361a37d-f5c7-be57-b473-2220e694bf8e">
      <Execution id="9c97038c-c1a1-482d-9347-cc55385afa55" />
      <TestMethod codeBase="/src/test/ShulamitP_Mizrahi_Calc_Api.Tests/bin/Debug/net8.0/ShulamitP_Mizrahi_Calc_Api.Tests.dll" adapterTypeName="executor://xunit/VsTestRunner3/netcore/" className="ShulamitP_Mizrahi_Calc_Api.Tests.Handlers.ArithmeticHandlerTests" name="Calculate_UnsupportedOperation_ThrowsNotSupportedException" />
    </UnitTest>
    <UnitTest name="ShulamitP_Mizrahi_Calc_Api.Tests.Controllers.ArithmeticControllerTests.Calculate_HandlerThrowsUnexpectedException_ReturnsInternalServerError" storage="/src/test/shulamitp_mizrahi_calc_api.tests/bin/debug/net8.0/shulamitp_mizrahi_calc_api.tests.dll" id="d4469894-a603-8364-6d3b-80498b66fd72">
      <Execution id="994c9bdd-64df-4e6c-a6fd-bcaad767fee7" />
      <TestMethod codeBase="/src/test/ShulamitP_Mizrahi_Calc_Api.Tests/bin/Debug/net8.0/ShulamitP_Mizrahi_Calc_Api.Tests.dll" adapterTypeName="executor://xunit/VsTestRunner3/netcore/" className="ShulamitP_Mizrahi_Calc_Api.Tests.Controllers.ArithmeticControllerTests" name="Calculate_HandlerThrowsUnexpectedException_ReturnsInternalServerError" />
    </UnitTest>
    <UnitTest name="ShulamitP_Mizrahi_Calc_Api.Tests.Controllers.AuthenticationControllerTests.Login_HandlerReturnsNull_ReturnsUnauthorized" storage="/src/test/shulamitp_mizrahi_calc_api.tests/bin/debug/net8.0/shulamitp_mizrahi_calc_api.tests.dll" id="cf1ef438-271f-a5d3-3eb8-00c72c6aeb70">
      <Execution id="e42dd65c-4b64-419c-912f-3931aa422c39" />
      <TestMethod codeBase="/src/test/ShulamitP_Mizrahi_Calc_Api.Tests/bin/Debug/net8.0/ShulamitP_Mizrahi_Calc_Api.Tests.dll" adapterTypeName="executor://xunit/VsTestRunner3/netcore/" className="ShulamitP_Mizrahi_Calc_Api.Tests.Controllers.AuthenticationControllerTests" name="Login_HandlerReturnsNull_ReturnsUnauthorized" />
    </UnitTest>
    <UnitTest name="ShulamitP_Mizrahi_Calc_Api.Tests.Controllers.ArithmeticControllerTests.Calculate_HandlerThrowsArgumentException_ReturnsBadRequest" storage="/src/test/shulamitp_mizrahi_calc_api.tests/bin/debug/net8.0/shulamitp_mizrahi_calc_api.tests.dll" id="86d187c0-9e15-7d7f-435c-dbe819c05fdf">
      <Execution id="09304342-a92e-4957-8e74-9b2e70f29133" />
      <TestMethod codeBase="/src/test/ShulamitP_Mizrahi_Calc_Api.Tests/bin/Debug/net8.0/ShulamitP_Mizrahi_Calc_Api.Tests.dll" adapterTypeName="executor://xunit/VsTestRunner3/netcore/" className="ShulamitP_Mizrahi_Calc_Api.Tests.Controllers.ArithmeticControllerTests" name="Calculate_HandlerThrowsArgumentException_ReturnsBadRequest" />
    </UnitTest>
    <UnitTest name="ShulamitP_Mizrahi_Calc_Api.Tests.Handlers.ArithmeticHandlerTests.Calculate_ValidOperations_ReturnsCorrectResult(num1: 10, num2: 5, operation: Add, expected: 15)" storage="/src/test/shulamitp_mizrahi_calc_api.tests/bin/debug/net8.0/shulamitp_mizrahi_calc_api.tests.dll" id="8ee446ac-0cc1-a61a-5274-16db49a330fa">
      <Execution id="9b954c97-f318-440e-bfca-22cfc455cdc2" />
      <TestMethod codeBase="/src/test/ShulamitP_Mizrahi_Calc_Api.Tests/bin/Debug/net8.0/ShulamitP_Mizrahi_Calc_Api.Tests.dll" adapterTypeName="executor://xunit/VsTestRunner3/netcore/" className="ShulamitP_Mizrahi_Calc_Api.Tests.Handlers.ArithmeticHandlerTests" name="Calculate_ValidOperations_ReturnsCorrectResult" />
    </UnitTest>
    <UnitTest name="ShulamitP_Mizrahi_Calc_Api.Tests.Handlers.ArithmeticHandlerTests.Calculate_DivideByZero_ThrowsInvalidOperationException" storage="/src/test/shulamitp_mizrahi_calc_api.tests/bin/debug/net8.0/shulamitp_mizrahi_calc_api.tests.dll" id="c4e38664-db6a-f28a-a5a5-ff5fa3e01c53">
      <Execution id="d52850f8-bb46-424b-909c-c1cf1f52d394" />
      <TestMethod codeBase="/src/test/ShulamitP_Mizrahi_Calc_Api.Tests/bin/Debug/net8.0/ShulamitP_Mizrahi_Calc_Api.Tests.dll" adapterTypeName="executor://xunit/VsTestRunner3/netcore/" className="ShulamitP_Mizrahi_Calc_Api.Tests.Handlers.ArithmeticHandlerTests" name="Calculate_DivideByZero_ThrowsInvalidOperationException" />
    </UnitTest>
    <UnitTest name="ShulamitP_Mizrahi_Calc_Api.Tests.UnitTest1.Test1" storage="/src/test/shulamitp_mizrahi_calc_api.tests/bin/debug/net8.0/shulamitp_mizrahi_calc_api.tests.dll" id="06b760fa-bc83-701c-28a0-abee17aa0efe">
      <Execution id="5845444c-4988-435c-9a7d-5ac09b4503fc" />
      <TestMethod codeBase="/src/test/ShulamitP_Mizrahi_Calc_Api.Tests/bin/Debug/net8.0/ShulamitP_Mizrahi_Calc_Api.Tests.dll" adapterTypeName="executor://xunit/VsTestRunner3/netcore/" className="ShulamitP_Mizrahi_Calc_Api.Tests.UnitTest1" name="Test1" />
    </UnitTest>
    <UnitTest name="ShulamitP_Mizrahi_Calc_Api.Tests.Controllers.ArithmeticControllerTests.Calculate_ValidRequest_ReturnsOkResult" storage="/src/test/shulamitp_mizrahi_calc_api.tests/bin/debug/net8.0/shulamitp_mizrahi_calc_api.tests.dll" id="a2d6c84a-f487-c2cc-350f-fb76eb6b243c">
      <Execution id="50030efc-199c-4e92-be58-70083a6241ae" />
      <TestMethod codeBase="/src/test/ShulamitP_Mizrahi_Calc_Api.Tests/bin/Debug/net8.0/ShulamitP_Mizrahi_Calc_Api.Tests.dll" adapterTypeName="executor://xunit/VsTestRunner3/netcore/" className="ShulamitP_Mizrahi_Calc_Api.Tests.Controllers.ArithmeticControllerTests" name="Calculate_ValidRequest_ReturnsOkResult" />
    </UnitTest>
    <UnitTest name="ShulamitP_Mizrahi_Calc_Api.Tests.Controllers.AuthenticationControllerTests.Login_ValidRequest_ReturnsOkResultWithToken" storage="/src/test/shulamitp_mizrahi_calc_api.tests/bin/debug/net8.0/shulamitp_mizrahi_calc_api.tests.dll" id="8e8b1d4f-6a30-317c-0e4c-92a18ee7ec05">
      <Execution id="8333da9c-4e12-43b5-85c0-ae05a4c4efab" />
      <TestMethod codeBase="/src/test/ShulamitP_Mizrahi_Calc_Api.Tests/bin/Debug/net8.0/ShulamitP_Mizrahi_Calc_Api.Tests.dll" adapterTypeName="executor://xunit/VsTestRunner3/netcore/" className="ShulamitP_Mizrahi_Calc_Api.Tests.Controllers.AuthenticationControllerTests" name="Login_ValidRequest_ReturnsOkResultWithToken" />
    </UnitTest>
    <UnitTest name="ShulamitP_Mizrahi_Calc_Api.Tests.Handlers.ArithmeticHandlerTests.Calculate_NullRequest_ThrowsArgumentNullException" storage="/src/test/shulamitp_mizrahi_calc_api.tests/bin/debug/net8.0/shulamitp_mizrahi_calc_api.tests.dll" id="b80cd3a8-2189-782a-6f8a-63effd4524da">
      <Execution id="4aaaf972-f72d-4cec-8994-ba446fb4c9f6" />
      <TestMethod codeBase="/src/test/ShulamitP_Mizrahi_Calc_Api.Tests/bin/Debug/net8.0/ShulamitP_Mizrahi_Calc_Api.Tests.dll" adapterTypeName="executor://xunit/VsTestRunner3/netcore/" className="ShulamitP_Mizrahi_Calc_Api.Tests.Handlers.ArithmeticHandlerTests" name="Calculate_NullRequest_ThrowsArgumentNullException" />
    </UnitTest>
    <UnitTest name="ShulamitP_Mizrahi_Calc_Api.Tests.Controllers.ArithmeticControllerTests.Calculate_HandlerThrowsInvalidOperationException_ReturnsBadRequest" storage="/src/test/shulamitp_mizrahi_calc_api.tests/bin/debug/net8.0/shulamitp_mizrahi_calc_api.tests.dll" id="dd253941-8bd3-8f63-a00f-da0be9379373">
      <Execution id="cb27f9c3-8b42-46a7-b553-08d8d23eb1ea" />
      <TestMethod codeBase="/src/test/ShulamitP_Mizrahi_Calc_Api.Tests/bin/Debug/net8.0/ShulamitP_Mizrahi_Calc_Api.Tests.dll" adapterTypeName="executor://xunit/VsTestRunner3/netcore/" className="ShulamitP_Mizrahi_Calc_Api.Tests.Controllers.ArithmeticControllerTests" name="Calculate_HandlerThrowsInvalidOperationException_ReturnsBadRequest" />
    </UnitTest>
    <UnitTest name="ShulamitP_Mizrahi_Calc_Api.Tests.Handlers.ArithmeticHandlerTests.Calculate_ValidOperations_ReturnsCorrectResult(num1: 10, num2: 5, operation: Subtract, expected: 5)" storage="/src/test/shulamitp_mizrahi_calc_api.tests/bin/debug/net8.0/shulamitp_mizrahi_calc_api.tests.dll" id="1e9c3b0f-372e-a63b-0aca-40ae429b3817">
      <Execution id="82406678-1448-4053-aeb5-c77c69425dfa" />
      <TestMethod codeBase="/src/test/ShulamitP_Mizrahi_Calc_Api.Tests/bin/Debug/net8.0/ShulamitP_Mizrahi_Calc_Api.Tests.dll" adapterTypeName="executor://xunit/VsTestRunner3/netcore/" className="ShulamitP_Mizrahi_Calc_Api.Tests.Handlers.ArithmeticHandlerTests" name="Calculate_ValidOperations_ReturnsCorrectResult" />
    </UnitTest>
    <UnitTest name="ShulamitP_Mizrahi_Calc_Api.Tests.Handlers.LoginHandlerTests.GetJwt_MissingSecret_ThrowsArgumentNullException" storage="/src/test/shulamitp_mizrahi_calc_api.tests/bin/debug/net8.0/shulamitp_mizrahi_calc_api.tests.dll" id="d048ca3c-b630-885b-d565-96556520bc71">
      <Execution id="c0d81e8b-911f-47a5-bd28-e9a53c757733" />
      <TestMethod codeBase="/src/test/ShulamitP_Mizrahi_Calc_Api.Tests/bin/Debug/net8.0/ShulamitP_Mizrahi_Calc_Api.Tests.dll" adapterTypeName="executor://xunit/VsTestRunner3/netcore/" className="ShulamitP_Mizrahi_Calc_Api.Tests.Handlers.LoginHandlerTests" name="GetJwt_MissingSecret_ThrowsArgumentNullException" />
    </UnitTest>
    <UnitTest name="ShulamitP_Mizrahi_Calc_Api.Tests.Handlers.LoginHandlerTests.GetJwt_ReturnsValidToken" storage="/src/test/shulamitp_mizrahi_calc_api.tests/bin/debug/net8.0/shulamitp_mizrahi_calc_api.tests.dll" id="834eb81c-a37c-3620-4426-b5d4fde5c06a">
      <Execution id="5c895faf-a616-48ac-b51a-0d28dccc3ccb" />
      <TestMethod codeBase="/src/test/ShulamitP_Mizrahi_Calc_Api.Tests/bin/Debug/net8.0/ShulamitP_Mizrahi_Calc_Api.Tests.dll" adapterTypeName="executor://xunit/VsTestRunner3/netcore/" className="ShulamitP_Mizrahi_Calc_Api.Tests.Handlers.LoginHandlerTests" name="GetJwt_ReturnsValidToken" />
    </UnitTest>
    <UnitTest name="ShulamitP_Mizrahi_Calc_Api.Tests.Handlers.ArithmeticHandlerTests.Calculate_ValidOperations_ReturnsCorrectResult(num1: 10, num2: 5, operation: Multiply, expected: 50)" storage="/src/test/shulamitp_mizrahi_calc_api.tests/bin/debug/net8.0/shulamitp_mizrahi_calc_api.tests.dll" id="9704eb14-a1a9-c74f-9659-49c561e760d7">
      <Execution id="ef0eb79b-549b-4236-9972-6c06569df2cf" />
      <TestMethod codeBase="/src/test/ShulamitP_Mizrahi_Calc_Api.Tests/bin/Debug/net8.0/ShulamitP_Mizrahi_Calc_Api.Tests.dll" adapterTypeName="executor://xunit/VsTestRunner3/netcore/" className="ShulamitP_Mizrahi_Calc_Api.Tests.Handlers.ArithmeticHandlerTests" name="Calculate_ValidOperations_ReturnsCorrectResult" />
    </UnitTest>
    <UnitTest name="ShulamitP_Mizrahi_Calc_Api.Tests.Handlers.ArithmeticHandlerTests.Calculate_NullNumbers_ThrowsArgumentException" storage="/src/test/shulamitp_mizrahi_calc_api.tests/bin/debug/net8.0/shulamitp_mizrahi_calc_api.tests.dll" id="19be3466-07e3-2891-d2de-7a9b24bbc498">
      <Execution id="2f53efaa-1278-430b-aa0b-2455c4d0584a" />
      <TestMethod codeBase="/src/test/ShulamitP_Mizrahi_Calc_Api.Tests/bin/Debug/net8.0/ShulamitP_Mizrahi_Calc_Api.Tests.dll" adapterTypeName="executor://xunit/VsTestRunner3/netcore/" className="ShulamitP_Mizrahi_Calc_Api.Tests.Handlers.ArithmeticHandlerTests" name="Calculate_NullNumbers_ThrowsArgumentException" />
    </UnitTest>
    <UnitTest name="ShulamitP_Mizrahi_Calc_Api.Tests.Handlers.ArithmeticHandlerTests.Calculate_FirstNumberNull_ThrowsArgumentException" storage="/src/test/shulamitp_mizrahi_calc_api.tests/bin/debug/net8.0/shulamitp_mizrahi_calc_api.tests.dll" id="c6062c1e-b27e-4619-6059-de33ba755831">
      <Execution id="b0680880-024c-4ea9-bd4c-de9b22545dca" />
      <TestMethod codeBase="/src/test/ShulamitP_Mizrahi_Calc_Api.Tests/bin/Debug/net8.0/ShulamitP_Mizrahi_Calc_Api.Tests.dll" adapterTypeName="executor://xunit/VsTestRunner3/netcore/" className="ShulamitP_Mizrahi_Calc_Api.Tests.Handlers.ArithmeticHandlerTests" name="Calculate_FirstNumberNull_ThrowsArgumentException" />
    </UnitTest>
  </TestDefinitions>
  <TestEntries>
    <TestEntry testId="9704eb14-a1a9-c74f-9659-49c561e760d7" executionId="ef0eb79b-549b-4236-9972-6c06569df2cf" testListId="8c84fa94-04c1-424b-9868-57a2d4851a1d" />
    <TestEntry testId="c6062c1e-b27e-4619-6059-de33ba755831" executionId="b0680880-024c-4ea9-bd4c-de9b22545dca" testListId="8c84fa94-04c1-424b-9868-57a2d4851a1d" />
    <TestEntry testId="06b760fa-bc83-701c-28a0-abee17aa0efe" executionId="5845444c-4988-435c-9a7d-5ac09b4503fc" testListId="8c84fa94-04c1-424b-9868-57a2d4851a1d" />
    <TestEntry testId="a2d6c84a-f487-c2cc-350f-fb76eb6b243c" executionId="50030efc-199c-4e92-be58-70083a6241ae" testListId="8c84fa94-04c1-424b-9868-57a2d4851a1d" />
    <TestEntry testId="dd253941-8bd3-8f63-a00f-da0be9379373" executionId="cb27f9c3-8b42-46a7-b553-08d8d23eb1ea" testListId="8c84fa94-04c1-424b-9868-57a2d4851a1d" />
    <TestEntry testId="8e8b1d4f-6a30-317c-0e4c-92a18ee7ec05" executionId="8333da9c-4e12-43b5-85c0-ae05a4c4efab" testListId="8c84fa94-04c1-424b-9868-57a2d4851a1d" />
    <TestEntry testId="9f01bd26-6ed7-b1de-51c5-e2dcc5f11242" executionId="d6df7e2d-5963-4409-9d40-ec20e4cef6b1" testListId="8c84fa94-04c1-424b-9868-57a2d4851a1d" />
    <TestEntry testId="cf1ef438-271f-a5d3-3eb8-00c72c6aeb70" executionId="e42dd65c-4b64-419c-912f-3931aa422c39" testListId="8c84fa94-04c1-424b-9868-57a2d4851a1d" />
    <TestEntry testId="d048ca3c-b630-885b-d565-96556520bc71" executionId="c0d81e8b-911f-47a5-bd28-e9a53c757733" testListId="8c84fa94-04c1-424b-9868-57a2d4851a1d" />
    <TestEntry testId="d4469894-a603-8364-6d3b-80498b66fd72" executionId="994c9bdd-64df-4e6c-a6fd-bcaad767fee7" testListId="8c84fa94-04c1-424b-9868-57a2d4851a1d" />
    <TestEntry testId="834eb81c-a37c-3620-4426-b5d4fde5c06a" executionId="5c895faf-a616-48ac-b51a-0d28dccc3ccb" testListId="8c84fa94-04c1-424b-9868-57a2d4851a1d" />
    <TestEntry testId="1e9c3b0f-372e-a63b-0aca-40ae429b3817" executionId="82406678-1448-4053-aeb5-c77c69425dfa" testListId="8c84fa94-04c1-424b-9868-57a2d4851a1d" />
    <TestEntry testId="b80cd3a8-2189-782a-6f8a-63effd4524da" executionId="4aaaf972-f72d-4cec-8994-ba446fb4c9f6" testListId="8c84fa94-04c1-424b-9868-57a2d4851a1d" />
    <TestEntry testId="86d187c0-9e15-7d7f-435c-dbe819c05fdf" executionId="09304342-a92e-4957-8e74-9b2e70f29133" testListId="8c84fa94-04c1-424b-9868-57a2d4851a1d" />
    <TestEntry testId="634ae38d-24d6-6716-7db5-7e55e167b297" executionId="db11fe49-b2c0-4735-bca2-b3cfcad128d3" testListId="8c84fa94-04c1-424b-9868-57a2d4851a1d" />
    <TestEntry testId="19be3466-07e3-2891-d2de-7a9b24bbc498" executionId="2f53efaa-1278-430b-aa0b-2455c4d0584a" testListId="8c84fa94-04c1-424b-9868-57a2d4851a1d" />
    <TestEntry testId="8361a37d-f5c7-be57-b473-2220e694bf8e" executionId="9c97038c-c1a1-482d-9347-cc55385afa55" testListId="8c84fa94-04c1-424b-9868-57a2d4851a1d" />
    <TestEntry testId="c4e38664-db6a-f28a-a5a5-ff5fa3e01c53" executionId="d52850f8-bb46-424b-909c-c1cf1f52d394" testListId="8c84fa94-04c1-424b-9868-57a2d4851a1d" />
    <TestEntry testId="8ee446ac-0cc1-a61a-5274-16db49a330fa" executionId="9b954c97-f318-440e-bfca-22cfc455cdc2" testListId="8c84fa94-04c1-424b-9868-57a2d4851a1d" />
  </TestEntries>
  <TestLists>
    <TestList name="Results Not in a List" id="8c84fa94-04c1-424b-9868-57a2d4851a1d" />
    <TestList name="All Loaded Results" id="19431567-8539-422a-85d7-44ee4e166bda" />
  </TestLists>
  <ResultSummary outcome="Completed">
    <Counters total="19" executed="19" passed="19" failed="0" error="0" timeout="0" aborted="0" inconclusive="0" passedButRunAborted="0" notRunnable="0" notExecuted="0" disconnected="0" warning="0" completed="0" inProgress="0" pending="0" />
    <Output>
      <StdOut>[xUnit.net 00:00:00.01] xUnit.net VSTest Adapter v3.1.0+00ab0a9ec4 (64-bit .NET 8.0.16)
[xUnit.net 00:00:00.22]   Discovering: ShulamitP_Mizrahi_Calc_Api.Tests
[xUnit.net 00:00:00.35]   Discovered:  ShulamitP_Mizrahi_Calc_Api.Tests
[xUnit.net 00:00:00.41]   Starting:    ShulamitP_Mizrahi_Calc_Api.Tests
[xUnit.net 00:00:01.21]   Finished:    ShulamitP_Mizrahi_Calc_Api.Tests
</StdOut>
    </Output>
  </ResultSummary>
</TestRun>