<?xml version="1.0" encoding="utf-8"?>
<TestRun id="f60fccaf-c872-4fff-8283-0a7c6be25b53" name="@87f09d24309e 2025-05-14 20:21:33" xmlns="http://microsoft.com/schemas/VisualStudio/TeamTest/2010">
  <Times creation="2025-05-14T20:21:33.2005144+00:00" queuing="2025-05-14T20:21:33.2005145+00:00" start="2025-05-14T20:21:29.8511958+00:00" finish="2025-05-14T20:21:33.9194831+00:00" />
  <TestSettings name="default" id="78a9be01-1f67-43e1-947b-737c16133aea">
    <Deployment runDeploymentRoot="_87f09d24309e_2025-05-14_20_21_33" />
  </TestSettings>
  <Results>
    <UnitTestResult executionId="6c407b8b-16b1-4bca-9998-77a73054a7ec" testId="d4469894-a603-8364-6d3b-80498b66fd72" testName="ShulamitP_Mizrahi_Calc_Api.Tests.Controllers.ArithmeticControllerTests.Calculate_HandlerThrowsUnexpectedException_ReturnsInternalServerError" computerName="87f09d24309e" duration="00:00:00.0028617" startTime="2025-05-14T20:21:33.7339083+00:00" endTime="2025-05-14T20:21:33.7347637+00:00" testType="13cdc9d9-ddb5-4fa4-a97d-d965ccfc6d4b" outcome="Passed" testListId="8c84fa94-04c1-424b-9868-57a2d4851a1d" relativeResultsDirectory="6c407b8b-16b1-4bca-9998-77a73054a7ec" />
    <UnitTestResult executionId="d86b3012-14d5-42a9-b5fc-9236d87c3a33" testId="cf1ef438-271f-a5d3-3eb8-00c72c6aeb70" testName="ShulamitP_Mizrahi_Calc_Api.Tests.Controllers.AuthenticationControllerTests.Login_HandlerReturnsNull_ReturnsUnauthorized" computerName="87f09d24309e" duration="00:00:00.8742202" startTime="2025-05-14T20:21:32.8257487+00:00" endTime="2025-05-14T20:21:33.7024630+00:00" testType="13cdc9d9-ddb5-4fa4-a97d-d965ccfc6d4b" outcome="Passed" testListId="8c84fa94-04c1-424b-9868-57a2d4851a1d" relativeResultsDirectory="d86b3012-14d5-42a9-b5fc-9236d87c3a33" />
    <UnitTestResult executionId="6fec30b2-9b67-4729-a939-25362075934d" testId="8e8b1d4f-6a30-317c-0e4c-92a18ee7ec05" testName="ShulamitP_Mizrahi_Calc_Api.Tests.Controllers.AuthenticationControllerTests.Login_ValidRequest_ReturnsOkResultWithToken" computerName="87f09d24309e" duration="00:00:00.0043208" startTime="2025-05-14T20:21:33.7028763+00:00" endTime="2025-05-14T20:21:33.7070306+00:00" testType="13cdc9d9-ddb5-4fa4-a97d-d965ccfc6d4b" outcome="Passed" testListId="8c84fa94-04c1-424b-9868-57a2d4851a1d" relativeResultsDirectory="6fec30b2-9b67-4729-a939-25362075934d" />
    <UnitTestResult executionId="d2b8ed04-1380-40d6-9908-0fbd5fd1c566" testId="c6062c1e-b27e-4619-6059-de33ba755831" testName="ShulamitP_Mizrahi_Calc_Api.Tests.Handlers.ArithmeticHandlerTests.Calculate_FirstNumberNull_ThrowsArgumentException" computerName="87f09d24309e" duration="00:00:00.0006277" startTime="2025-05-14T20:21:33.7280074+00:00" endTime="2025-05-14T20:21:33.7282918+00:00" testType="13cdc9d9-ddb5-4fa4-a97d-d965ccfc6d4b" outcome="Passed" testListId="8c84fa94-04c1-424b-9868-57a2d4851a1d" relativeResultsDirectory="d2b8ed04-1380-40d6-9908-0fbd5fd1c566" />
    <UnitTestResult executionId="df448439-fc2f-42f0-b326-cc7d54dc1c80" testId="06b760fa-bc83-701c-28a0-abee17aa0efe" testName="ShulamitP_Mizrahi_Calc_Api.Tests.UnitTest1.Test1" computerName="87f09d24309e" duration="00:00:00.2104146" startTime="2025-05-14T20:21:32.8254695+00:00" endTime="2025-05-14T20:21:33.0458698+00:00" testType="13cdc9d9-ddb5-4fa4-a97d-d965ccfc6d4b" outcome="Passed" testListId="8c84fa94-04c1-424b-9868-57a2d4851a1d" relativeResultsDirectory="df448439-fc2f-42f0-b326-cc7d54dc1c80" />
    <UnitTestResult executionId="35c33b02-95f0-4751-ad6f-3ae16b8bc345" testId="19be3466-07e3-2891-d2de-7a9b24bbc498" testName="ShulamitP_Mizrahi_Calc_Api.Tests.Handlers.ArithmeticHandlerTests.Calculate_NullNumbers_ThrowsArgumentException" computerName="87f09d24309e" duration="00:00:00.8689824" startTime="2025-05-14T20:21:32.8253760+00:00" endTime="2025-05-14T20:21:33.6973861+00:00" testType="13cdc9d9-ddb5-4fa4-a97d-d965ccfc6d4b" outcome="Passed" testListId="8c84fa94-04c1-424b-9868-57a2d4851a1d" relativeResultsDirectory="35c33b02-95f0-4751-ad6f-3ae16b8bc345" />
    <UnitTestResult executionId="c85e829c-7df3-4f03-94cb-6c5a87b6cd6b" testId="86d187c0-9e15-7d7f-435c-dbe819c05fdf" testName="ShulamitP_Mizrahi_Calc_Api.Tests.Controllers.ArithmeticControllerTests.Calculate_HandlerThrowsArgumentException_ReturnsBadRequest" computerName="87f09d24309e" duration="00:00:00.0046590" startTime="2025-05-14T20:21:33.7458496+00:00" endTime="2025-05-14T20:21:33.7480376+00:00" testType="13cdc9d9-ddb5-4fa4-a97d-d965ccfc6d4b" outcome="Passed" testListId="8c84fa94-04c1-424b-9868-57a2d4851a1d" relativeResultsDirectory="c85e829c-7df3-4f03-94cb-6c5a87b6cd6b" />
    <UnitTestResult executionId="e432f2d0-5944-4f00-859d-801c14ff2be1" testId="1e9c3b0f-372e-a63b-0aca-40ae429b3817" testName="ShulamitP_Mizrahi_Calc_Api.Tests.Handlers.ArithmeticHandlerTests.Calculate_ValidOperations_ReturnsCorrectResult(num1: 10, num2: 5, operation: Subtract, expected: 5)" computerName="87f09d24309e" duration="00:00:00.0234963" startTime="2025-05-14T20:21:33.6995668+00:00" endTime="2025-05-14T20:21:33.7223126+00:00" testType="13cdc9d9-ddb5-4fa4-a97d-d965ccfc6d4b" outcome="Passed" testListId="8c84fa94-04c1-424b-9868-57a2d4851a1d" relativeResultsDirectory="e432f2d0-5944-4f00-859d-801c14ff2be1" />
    <UnitTestResult executionId="332c213b-63ee-45fb-8417-094b28e0dc3c" testId="9704eb14-a1a9-c74f-9659-49c561e760d7" testName="ShulamitP_Mizrahi_Calc_Api.Tests.Handlers.ArithmeticHandlerTests.Calculate_ValidOperations_ReturnsCorrectResult(num1: 10, num2: 5, operation: Multiply, expected: 50)" computerName="87f09d24309e" duration="00:00:00.0027877" startTime="2025-05-14T20:21:33.7227998+00:00" endTime="2025-05-14T20:21:33.7253159+00:00" testType="13cdc9d9-ddb5-4fa4-a97d-d965ccfc6d4b" outcome="Passed" testListId="8c84fa94-04c1-424b-9868-57a2d4851a1d" relativeResultsDirectory="332c213b-63ee-45fb-8417-094b28e0dc3c" />
    <UnitTestResult executionId="310d0250-eee5-4071-b9be-4f413a428a20" testId="8361a37d-f5c7-be57-b473-2220e694bf8e" testName="ShulamitP_Mizrahi_Calc_Api.Tests.Handlers.ArithmeticHandlerTests.Calculate_UnsupportedOperation_ThrowsNotSupportedException" computerName="87f09d24309e" duration="00:00:00.0034116" startTime="2025-05-14T20:21:33.7330414+00:00" endTime="2025-05-14T20:21:33.7341679+00:00" testType="13cdc9d9-ddb5-4fa4-a97d-d965ccfc6d4b" outcome="Passed" testListId="8c84fa94-04c1-424b-9868-57a2d4851a1d" relativeResultsDirectory="310d0250-eee5-4071-b9be-4f413a428a20" />
    <UnitTestResult executionId="a5934941-161d-4e87-9c49-0232b615abc8" testId="834eb81c-a37c-3620-4426-b5d4fde5c06a" testName="ShulamitP_Mizrahi_Calc_Api.Tests.Handlers.LoginHandlerTests.GetJwt_ReturnsValidToken" computerName="87f09d24309e" duration="00:00:00.9912940" startTime="2025-05-14T20:21:32.8252498+00:00" endTime="2025-05-14T20:21:33.8195640+00:00" testType="13cdc9d9-ddb5-4fa4-a97d-d965ccfc6d4b" outcome="Passed" testListId="8c84fa94-04c1-424b-9868-57a2d4851a1d" relativeResultsDirectory="a5934941-161d-4e87-9c49-0232b615abc8" />
    <UnitTestResult executionId="ba4c534a-a9d3-43ed-961b-71a13fd80693" testId="b80cd3a8-2189-782a-6f8a-63effd4524da" testName="ShulamitP_Mizrahi_Calc_Api.Tests.Handlers.ArithmeticHandlerTests.Calculate_NullRequest_ThrowsArgumentNullException" computerName="87f09d24309e" duration="00:00:00.0005201" startTime="2025-05-14T20:21:33.7315753+00:00" endTime="2025-05-14T20:21:33.7317541+00:00" testType="13cdc9d9-ddb5-4fa4-a97d-d965ccfc6d4b" outcome="Passed" testListId="8c84fa94-04c1-424b-9868-57a2d4851a1d" relativeResultsDirectory="ba4c534a-a9d3-43ed-961b-71a13fd80693" />
    <UnitTestResult executionId="b80773a7-06b7-42e8-b652-36030881b677" testId="c4e38664-db6a-f28a-a5a5-ff5fa3e01c53" testName="ShulamitP_Mizrahi_Calc_Api.Tests.Handlers.ArithmeticHandlerTests.Calculate_DivideByZero_ThrowsInvalidOperationException" computerName="87f09d24309e" duration="00:00:00.0005588" startTime="2025-05-14T20:21:33.7322335+00:00" endTime="2025-05-14T20:21:33.7324175+00:00" testType="13cdc9d9-ddb5-4fa4-a97d-d965ccfc6d4b" outcome="Passed" testListId="8c84fa94-04c1-424b-9868-57a2d4851a1d" relativeResultsDirectory="b80773a7-06b7-42e8-b652-36030881b677" />
    <UnitTestResult executionId="fd9d34d8-7642-4e9c-8f4d-cf237e717ffb" testId="dd253941-8bd3-8f63-a00f-da0be9379373" testName="ShulamitP_Mizrahi_Calc_Api.Tests.Controllers.ArithmeticControllerTests.Calculate_HandlerThrowsInvalidOperationException_ReturnsBadRequest" computerName="87f09d24309e" duration="00:00:00.9025258" startTime="2025-05-14T20:21:32.8221853+00:00" endTime="2025-05-14T20:21:33.7332521+00:00" testType="13cdc9d9-ddb5-4fa4-a97d-d965ccfc6d4b" outcome="Passed" testListId="8c84fa94-04c1-424b-9868-57a2d4851a1d" relativeResultsDirectory="fd9d34d8-7642-4e9c-8f4d-cf237e717ffb" />
    <UnitTestResult executionId="d89bbc15-fead-4607-9808-774fd9d3ac20" testId="d048ca3c-b630-885b-d565-96556520bc71" testName="ShulamitP_Mizrahi_Calc_Api.Tests.Handlers.LoginHandlerTests.GetJwt_MissingSecret_ThrowsArgumentNullException" computerName="87f09d24309e" duration="00:00:00.0015946" startTime="2025-05-14T20:21:33.8200158+00:00" endTime="2025-05-14T20:21:33.8212633+00:00" testType="13cdc9d9-ddb5-4fa4-a97d-d965ccfc6d4b" outcome="Passed" testListId="8c84fa94-04c1-424b-9868-57a2d4851a1d" relativeResultsDirectory="d89bbc15-fead-4607-9808-774fd9d3ac20" />
    <UnitTestResult executionId="78cd76ee-d17b-40f1-96f0-f0e21b8fda60" testId="634ae38d-24d6-6716-7db5-7e55e167b297" testName="ShulamitP_Mizrahi_Calc_Api.Tests.Handlers.ArithmeticHandlerTests.Calculate_ValidOperations_ReturnsCorrectResult(num1: 10, num2: 5, operation: Divide, expected: 2)" computerName="87f09d24309e" duration="00:00:00.0009915" startTime="2025-05-14T20:21:33.7268306+00:00" endTime="2025-05-14T20:21:33.7275440+00:00" testType="13cdc9d9-ddb5-4fa4-a97d-d965ccfc6d4b" outcome="Passed" testListId="8c84fa94-04c1-424b-9868-57a2d4851a1d" relativeResultsDirectory="78cd76ee-d17b-40f1-96f0-f0e21b8fda60" />
    <UnitTestResult executionId="d7542766-bb40-4547-bed5-71ca0e8b4607" testId="8ee446ac-0cc1-a61a-5274-16db49a330fa" testName="ShulamitP_Mizrahi_Calc_Api.Tests.Handlers.ArithmeticHandlerTests.Calculate_ValidOperations_ReturnsCorrectResult(num1: 10, num2: 5, operation: Add, expected: 15)" computerName="87f09d24309e" duration="00:00:00.0010237" startTime="2025-05-14T20:21:33.7256685+00:00" endTime="2025-05-14T20:21:33.7264648+00:00" testType="13cdc9d9-ddb5-4fa4-a97d-d965ccfc6d4b" outcome="Passed" testListId="8c84fa94-04c1-424b-9868-57a2d4851a1d" relativeResultsDirectory="d7542766-bb40-4547-bed5-71ca0e8b4607" />
    <UnitTestResult executionId="c3fdff24-950f-4191-bcd9-38b231cfc7bb" testId="9f01bd26-6ed7-b1de-51c5-e2dcc5f11242" testName="ShulamitP_Mizrahi_Calc_Api.Tests.Handlers.ArithmeticHandlerTests.Calculate_SecondNumberNull_ThrowsArgumentException" computerName="87f09d24309e" duration="00:00:00.0010166" startTime="2025-05-14T20:21:33.6989708+00:00" endTime="2025-05-14T20:21:33.6991850+00:00" testType="13cdc9d9-ddb5-4fa4-a97d-d965ccfc6d4b" outcome="Passed" testListId="8c84fa94-04c1-424b-9868-57a2d4851a1d" relativeResultsDirectory="c3fdff24-950f-4191-bcd9-38b231cfc7bb" />
    <UnitTestResult executionId="8e329fbc-daec-4cd2-8b86-8b99b569f64f" testId="a2d6c84a-f487-c2cc-350f-fb76eb6b243c" testName="ShulamitP_Mizrahi_Calc_Api.Tests.Controllers.ArithmeticControllerTests.Calculate_ValidRequest_ReturnsOkResult" computerName="87f09d24309e" duration="00:00:00.0086982" startTime="2025-05-14T20:21:33.7354320+00:00" endTime="2025-05-14T20:21:33.7451481+00:00" testType="13cdc9d9-ddb5-4fa4-a97d-d965ccfc6d4b" outcome="Passed" testListId="8c84fa94-04c1-424b-9868-57a2d4851a1d" relativeResultsDirectory="8e329fbc-daec-4cd2-8b86-8b99b569f64f" />
  </Results>
  <TestDefinitions>
    <UnitTest name="ShulamitP_Mizrahi_Calc_Api.Tests.Handlers.ArithmeticHandlerTests.Calculate_NullNumbers_ThrowsArgumentException" storage="/src/test/shulamitp_mizrahi_calc_api.tests/bin/debug/net8.0/shulamitp_mizrahi_calc_api.tests.dll" id="19be3466-07e3-2891-d2de-7a9b24bbc498">
      <Execution id="35c33b02-95f0-4751-ad6f-3ae16b8bc345" />
      <TestMethod codeBase="/src/test/ShulamitP_Mizrahi_Calc_Api.Tests/bin/Debug/net8.0/ShulamitP_Mizrahi_Calc_Api.Tests.dll" adapterTypeName="executor://xunit/VsTestRunner3/netcore/" className="ShulamitP_Mizrahi_Calc_Api.Tests.Handlers.ArithmeticHandlerTests" name="Calculate_NullNumbers_ThrowsArgumentException" />
    </UnitTest>
    <UnitTest name="ShulamitP_Mizrahi_Calc_Api.Tests.Controllers.ArithmeticControllerTests.Calculate_HandlerThrowsUnexpectedException_ReturnsInternalServerError" storage="/src/test/shulamitp_mizrahi_calc_api.tests/bin/debug/net8.0/shulamitp_mizrahi_calc_api.tests.dll" id="d4469894-a603-8364-6d3b-80498b66fd72">
      <Execution id="6c407b8b-16b1-4bca-9998-77a73054a7ec" />
      <TestMethod codeBase="/src/test/ShulamitP_Mizrahi_Calc_Api.Tests/bin/Debug/net8.0/ShulamitP_Mizrahi_Calc_Api.Tests.dll" adapterTypeName="executor://xunit/VsTestRunner3/netcore/" className="ShulamitP_Mizrahi_Calc_Api.Tests.Controllers.ArithmeticControllerTests" name="Calculate_HandlerThrowsUnexpectedException_ReturnsInternalServerError" />
    </UnitTest>
    <UnitTest name="ShulamitP_Mizrahi_Calc_Api.Tests.Controllers.ArithmeticControllerTests.Calculate_ValidRequest_ReturnsOkResult" storage="/src/test/shulamitp_mizrahi_calc_api.tests/bin/debug/net8.0/shulamitp_mizrahi_calc_api.tests.dll" id="a2d6c84a-f487-c2cc-350f-fb76eb6b243c">
      <Execution id="8e329fbc-daec-4cd2-8b86-8b99b569f64f" />
      <TestMethod codeBase="/src/test/ShulamitP_Mizrahi_Calc_Api.Tests/bin/Debug/net8.0/ShulamitP_Mizrahi_Calc_Api.Tests.dll" adapterTypeName="executor://xunit/VsTestRunner3/netcore/" className="ShulamitP_Mizrahi_Calc_Api.Tests.Controllers.ArithmeticControllerTests" name="Calculate_ValidRequest_ReturnsOkResult" />
    </UnitTest>
    <UnitTest name="ShulamitP_Mizrahi_Calc_Api.Tests.Controllers.AuthenticationControllerTests.Login_HandlerReturnsNull_ReturnsUnauthorized" storage="/src/test/shulamitp_mizrahi_calc_api.tests/bin/debug/net8.0/shulamitp_mizrahi_calc_api.tests.dll" id="cf1ef438-271f-a5d3-3eb8-00c72c6aeb70">
      <Execution id="d86b3012-14d5-42a9-b5fc-9236d87c3a33" />
      <TestMethod codeBase="/src/test/ShulamitP_Mizrahi_Calc_Api.Tests/bin/Debug/net8.0/ShulamitP_Mizrahi_Calc_Api.Tests.dll" adapterTypeName="executor://xunit/VsTestRunner3/netcore/" className="ShulamitP_Mizrahi_Calc_Api.Tests.Controllers.AuthenticationControllerTests" name="Login_HandlerReturnsNull_ReturnsUnauthorized" />
    </UnitTest>
    <UnitTest name="ShulamitP_Mizrahi_Calc_Api.Tests.Handlers.LoginHandlerTests.GetJwt_MissingSecret_ThrowsArgumentNullException" storage="/src/test/shulamitp_mizrahi_calc_api.tests/bin/debug/net8.0/shulamitp_mizrahi_calc_api.tests.dll" id="d048ca3c-b630-885b-d565-96556520bc71">
      <Execution id="d89bbc15-fead-4607-9808-774fd9d3ac20" />
      <TestMethod codeBase="/src/test/ShulamitP_Mizrahi_Calc_Api.Tests/bin/Debug/net8.0/ShulamitP_Mizrahi_Calc_Api.Tests.dll" adapterTypeName="executor://xunit/VsTestRunner3/netcore/" className="ShulamitP_Mizrahi_Calc_Api.Tests.Handlers.LoginHandlerTests" name="GetJwt_MissingSecret_ThrowsArgumentNullException" />
    </UnitTest>
    <UnitTest name="ShulamitP_Mizrahi_Calc_Api.Tests.Controllers.AuthenticationControllerTests.Login_ValidRequest_ReturnsOkResultWithToken" storage="/src/test/shulamitp_mizrahi_calc_api.tests/bin/debug/net8.0/shulamitp_mizrahi_calc_api.tests.dll" id="8e8b1d4f-6a30-317c-0e4c-92a18ee7ec05">
      <Execution id="6fec30b2-9b67-4729-a939-25362075934d" />
      <TestMethod codeBase="/src/test/ShulamitP_Mizrahi_Calc_Api.Tests/bin/Debug/net8.0/ShulamitP_Mizrahi_Calc_Api.Tests.dll" adapterTypeName="executor://xunit/VsTestRunner3/netcore/" className="ShulamitP_Mizrahi_Calc_Api.Tests.Controllers.AuthenticationControllerTests" name="Login_ValidRequest_ReturnsOkResultWithToken" />
    </UnitTest>
    <UnitTest name="ShulamitP_Mizrahi_Calc_Api.Tests.Handlers.ArithmeticHandlerTests.Calculate_ValidOperations_ReturnsCorrectResult(num1: 10, num2: 5, operation: Divide, expected: 2)" storage="/src/test/shulamitp_mizrahi_calc_api.tests/bin/debug/net8.0/shulamitp_mizrahi_calc_api.tests.dll" id="634ae38d-24d6-6716-7db5-7e55e167b297">
      <Execution id="78cd76ee-d17b-40f1-96f0-f0e21b8fda60" />
      <TestMethod codeBase="/src/test/ShulamitP_Mizrahi_Calc_Api.Tests/bin/Debug/net8.0/ShulamitP_Mizrahi_Calc_Api.Tests.dll" adapterTypeName="executor://xunit/VsTestRunner3/netcore/" className="ShulamitP_Mizrahi_Calc_Api.Tests.Handlers.ArithmeticHandlerTests" name="Calculate_ValidOperations_ReturnsCorrectResult" />
    </UnitTest>
    <UnitTest name="ShulamitP_Mizrahi_Calc_Api.Tests.Handlers.ArithmeticHandlerTests.Calculate_DivideByZero_ThrowsInvalidOperationException" storage="/src/test/shulamitp_mizrahi_calc_api.tests/bin/debug/net8.0/shulamitp_mizrahi_calc_api.tests.dll" id="c4e38664-db6a-f28a-a5a5-ff5fa3e01c53">
      <Execution id="b80773a7-06b7-42e8-b652-36030881b677" />
      <TestMethod codeBase="/src/test/ShulamitP_Mizrahi_Calc_Api.Tests/bin/Debug/net8.0/ShulamitP_Mizrahi_Calc_Api.Tests.dll" adapterTypeName="executor://xunit/VsTestRunner3/netcore/" className="ShulamitP_Mizrahi_Calc_Api.Tests.Handlers.ArithmeticHandlerTests" name="Calculate_DivideByZero_ThrowsInvalidOperationException" />
    </UnitTest>
    <UnitTest name="ShulamitP_Mizrahi_Calc_Api.Tests.Handlers.ArithmeticHandlerTests.Calculate_NullRequest_ThrowsArgumentNullException" storage="/src/test/shulamitp_mizrahi_calc_api.tests/bin/debug/net8.0/shulamitp_mizrahi_calc_api.tests.dll" id="b80cd3a8-2189-782a-6f8a-63effd4524da">
      <Execution id="ba4c534a-a9d3-43ed-961b-71a13fd80693" />
      <TestMethod codeBase="/src/test/ShulamitP_Mizrahi_Calc_Api.Tests/bin/Debug/net8.0/ShulamitP_Mizrahi_Calc_Api.Tests.dll" adapterTypeName="executor://xunit/VsTestRunner3/netcore/" className="ShulamitP_Mizrahi_Calc_Api.Tests.Handlers.ArithmeticHandlerTests" name="Calculate_NullRequest_ThrowsArgumentNullException" />
    </UnitTest>
    <UnitTest name="ShulamitP_Mizrahi_Calc_Api.Tests.Handlers.ArithmeticHandlerTests.Calculate_SecondNumberNull_ThrowsArgumentException" storage="/src/test/shulamitp_mizrahi_calc_api.tests/bin/debug/net8.0/shulamitp_mizrahi_calc_api.tests.dll" id="9f01bd26-6ed7-b1de-51c5-e2dcc5f11242">
      <Execution id="c3fdff24-950f-4191-bcd9-38b231cfc7bb" />
      <TestMethod codeBase="/src/test/ShulamitP_Mizrahi_Calc_Api.Tests/bin/Debug/net8.0/ShulamitP_Mizrahi_Calc_Api.Tests.dll" adapterTypeName="executor://xunit/VsTestRunner3/netcore/" className="ShulamitP_Mizrahi_Calc_Api.Tests.Handlers.ArithmeticHandlerTests" name="Calculate_SecondNumberNull_ThrowsArgumentException" />
    </UnitTest>
    <UnitTest name="ShulamitP_Mizrahi_Calc_Api.Tests.Controllers.ArithmeticControllerTests.Calculate_HandlerThrowsArgumentException_ReturnsBadRequest" storage="/src/test/shulamitp_mizrahi_calc_api.tests/bin/debug/net8.0/shulamitp_mizrahi_calc_api.tests.dll" id="86d187c0-9e15-7d7f-435c-dbe819c05fdf">
      <Execution id="c85e829c-7df3-4f03-94cb-6c5a87b6cd6b" />
      <TestMethod codeBase="/src/test/ShulamitP_Mizrahi_Calc_Api.Tests/bin/Debug/net8.0/ShulamitP_Mizrahi_Calc_Api.Tests.dll" adapterTypeName="executor://xunit/VsTestRunner3/netcore/" className="ShulamitP_Mizrahi_Calc_Api.Tests.Controllers.ArithmeticControllerTests" name="Calculate_HandlerThrowsArgumentException_ReturnsBadRequest" />
    </UnitTest>
    <UnitTest name="ShulamitP_Mizrahi_Calc_Api.Tests.Controllers.ArithmeticControllerTests.Calculate_HandlerThrowsInvalidOperationException_ReturnsBadRequest" storage="/src/test/shulamitp_mizrahi_calc_api.tests/bin/debug/net8.0/shulamitp_mizrahi_calc_api.tests.dll" id="dd253941-8bd3-8f63-a00f-da0be9379373">
      <Execution id="fd9d34d8-7642-4e9c-8f4d-cf237e717ffb" />
      <TestMethod codeBase="/src/test/ShulamitP_Mizrahi_Calc_Api.Tests/bin/Debug/net8.0/ShulamitP_Mizrahi_Calc_Api.Tests.dll" adapterTypeName="executor://xunit/VsTestRunner3/netcore/" className="ShulamitP_Mizrahi_Calc_Api.Tests.Controllers.ArithmeticControllerTests" name="Calculate_HandlerThrowsInvalidOperationException_ReturnsBadRequest" />
    </UnitTest>
    <UnitTest name="ShulamitP_Mizrahi_Calc_Api.Tests.Handlers.ArithmeticHandlerTests.Calculate_UnsupportedOperation_ThrowsNotSupportedException" storage="/src/test/shulamitp_mizrahi_calc_api.tests/bin/debug/net8.0/shulamitp_mizrahi_calc_api.tests.dll" id="8361a37d-f5c7-be57-b473-2220e694bf8e">
      <Execution id="310d0250-eee5-4071-b9be-4f413a428a20" />
      <TestMethod codeBase="/src/test/ShulamitP_Mizrahi_Calc_Api.Tests/bin/Debug/net8.0/ShulamitP_Mizrahi_Calc_Api.Tests.dll" adapterTypeName="executor://xunit/VsTestRunner3/netcore/" className="ShulamitP_Mizrahi_Calc_Api.Tests.Handlers.ArithmeticHandlerTests" name="Calculate_UnsupportedOperation_ThrowsNotSupportedException" />
    </UnitTest>
    <UnitTest name="ShulamitP_Mizrahi_Calc_Api.Tests.Handlers.ArithmeticHandlerTests.Calculate_ValidOperations_ReturnsCorrectResult(num1: 10, num2: 5, operation: Multiply, expected: 50)" storage="/src/test/shulamitp_mizrahi_calc_api.tests/bin/debug/net8.0/shulamitp_mizrahi_calc_api.tests.dll" id="9704eb14-a1a9-c74f-9659-49c561e760d7">
      <Execution id="332c213b-63ee-45fb-8417-094b28e0dc3c" />
      <TestMethod codeBase="/src/test/ShulamitP_Mizrahi_Calc_Api.Tests/bin/Debug/net8.0/ShulamitP_Mizrahi_Calc_Api.Tests.dll" adapterTypeName="executor://xunit/VsTestRunner3/netcore/" className="ShulamitP_Mizrahi_Calc_Api.Tests.Handlers.ArithmeticHandlerTests" name="Calculate_ValidOperations_ReturnsCorrectResult" />
    </UnitTest>
    <UnitTest name="ShulamitP_Mizrahi_Calc_Api.Tests.Handlers.ArithmeticHandlerTests.Calculate_ValidOperations_ReturnsCorrectResult(num1: 10, num2: 5, operation: Subtract, expected: 5)" storage="/src/test/shulamitp_mizrahi_calc_api.tests/bin/debug/net8.0/shulamitp_mizrahi_calc_api.tests.dll" id="1e9c3b0f-372e-a63b-0aca-40ae429b3817">
      <Execution id="e432f2d0-5944-4f00-859d-801c14ff2be1" />
      <TestMethod codeBase="/src/test/ShulamitP_Mizrahi_Calc_Api.Tests/bin/Debug/net8.0/ShulamitP_Mizrahi_Calc_Api.Tests.dll" adapterTypeName="executor://xunit/VsTestRunner3/netcore/" className="ShulamitP_Mizrahi_Calc_Api.Tests.Handlers.ArithmeticHandlerTests" name="Calculate_ValidOperations_ReturnsCorrectResult" />
    </UnitTest>
    <UnitTest name="ShulamitP_Mizrahi_Calc_Api.Tests.Handlers.LoginHandlerTests.GetJwt_ReturnsValidToken" storage="/src/test/shulamitp_mizrahi_calc_api.tests/bin/debug/net8.0/shulamitp_mizrahi_calc_api.tests.dll" id="834eb81c-a37c-3620-4426-b5d4fde5c06a">
      <Execution id="a5934941-161d-4e87-9c49-0232b615abc8" />
      <TestMethod codeBase="/src/test/ShulamitP_Mizrahi_Calc_Api.Tests/bin/Debug/net8.0/ShulamitP_Mizrahi_Calc_Api.Tests.dll" adapterTypeName="executor://xunit/VsTestRunner3/netcore/" className="ShulamitP_Mizrahi_Calc_Api.Tests.Handlers.LoginHandlerTests" name="GetJwt_ReturnsValidToken" />
    </UnitTest>
    <UnitTest name="ShulamitP_Mizrahi_Calc_Api.Tests.Handlers.ArithmeticHandlerTests.Calculate_FirstNumberNull_ThrowsArgumentException" storage="/src/test/shulamitp_mizrahi_calc_api.tests/bin/debug/net8.0/shulamitp_mizrahi_calc_api.tests.dll" id="c6062c1e-b27e-4619-6059-de33ba755831">
      <Execution id="d2b8ed04-1380-40d6-9908-0fbd5fd1c566" />
      <TestMethod codeBase="/src/test/ShulamitP_Mizrahi_Calc_Api.Tests/bin/Debug/net8.0/ShulamitP_Mizrahi_Calc_Api.Tests.dll" adapterTypeName="executor://xunit/VsTestRunner3/netcore/" className="ShulamitP_Mizrahi_Calc_Api.Tests.Handlers.ArithmeticHandlerTests" name="Calculate_FirstNumberNull_ThrowsArgumentException" />
    </UnitTest>
    <UnitTest name="ShulamitP_Mizrahi_Calc_Api.Tests.UnitTest1.Test1" storage="/src/test/shulamitp_mizrahi_calc_api.tests/bin/debug/net8.0/shulamitp_mizrahi_calc_api.tests.dll" id="06b760fa-bc83-701c-28a0-abee17aa0efe">
      <Execution id="df448439-fc2f-42f0-b326-cc7d54dc1c80" />
      <TestMethod codeBase="/src/test/ShulamitP_Mizrahi_Calc_Api.Tests/bin/Debug/net8.0/ShulamitP_Mizrahi_Calc_Api.Tests.dll" adapterTypeName="executor://xunit/VsTestRunner3/netcore/" className="ShulamitP_Mizrahi_Calc_Api.Tests.UnitTest1" name="Test1" />
    </UnitTest>
    <UnitTest name="ShulamitP_Mizrahi_Calc_Api.Tests.Handlers.ArithmeticHandlerTests.Calculate_ValidOperations_ReturnsCorrectResult(num1: 10, num2: 5, operation: Add, expected: 15)" storage="/src/test/shulamitp_mizrahi_calc_api.tests/bin/debug/net8.0/shulamitp_mizrahi_calc_api.tests.dll" id="8ee446ac-0cc1-a61a-5274-16db49a330fa">
      <Execution id="d7542766-bb40-4547-bed5-71ca0e8b4607" />
      <TestMethod codeBase="/src/test/ShulamitP_Mizrahi_Calc_Api.Tests/bin/Debug/net8.0/ShulamitP_Mizrahi_Calc_Api.Tests.dll" adapterTypeName="executor://xunit/VsTestRunner3/netcore/" className="ShulamitP_Mizrahi_Calc_Api.Tests.Handlers.ArithmeticHandlerTests" name="Calculate_ValidOperations_ReturnsCorrectResult" />
    </UnitTest>
  </TestDefinitions>
  <TestEntries>
    <TestEntry testId="d4469894-a603-8364-6d3b-80498b66fd72" executionId="6c407b8b-16b1-4bca-9998-77a73054a7ec" testListId="8c84fa94-04c1-424b-9868-57a2d4851a1d" />
    <TestEntry testId="cf1ef438-271f-a5d3-3eb8-00c72c6aeb70" executionId="d86b3012-14d5-42a9-b5fc-9236d87c3a33" testListId="8c84fa94-04c1-424b-9868-57a2d4851a1d" />
    <TestEntry testId="8e8b1d4f-6a30-317c-0e4c-92a18ee7ec05" executionId="6fec30b2-9b67-4729-a939-25362075934d" testListId="8c84fa94-04c1-424b-9868-57a2d4851a1d" />
    <TestEntry testId="c6062c1e-b27e-4619-6059-de33ba755831" executionId="d2b8ed04-1380-40d6-9908-0fbd5fd1c566" testListId="8c84fa94-04c1-424b-9868-57a2d4851a1d" />
    <TestEntry testId="06b760fa-bc83-701c-28a0-abee17aa0efe" executionId="df448439-fc2f-42f0-b326-cc7d54dc1c80" testListId="8c84fa94-04c1-424b-9868-57a2d4851a1d" />
    <TestEntry testId="19be3466-07e3-2891-d2de-7a9b24bbc498" executionId="35c33b02-95f0-4751-ad6f-3ae16b8bc345" testListId="8c84fa94-04c1-424b-9868-57a2d4851a1d" />
    <TestEntry testId="86d187c0-9e15-7d7f-435c-dbe819c05fdf" executionId="c85e829c-7df3-4f03-94cb-6c5a87b6cd6b" testListId="8c84fa94-04c1-424b-9868-57a2d4851a1d" />
    <TestEntry testId="1e9c3b0f-372e-a63b-0aca-40ae429b3817" executionId="e432f2d0-5944-4f00-859d-801c14ff2be1" testListId="8c84fa94-04c1-424b-9868-57a2d4851a1d" />
    <TestEntry testId="9704eb14-a1a9-c74f-9659-49c561e760d7" executionId="332c213b-63ee-45fb-8417-094b28e0dc3c" testListId="8c84fa94-04c1-424b-9868-57a2d4851a1d" />
    <TestEntry testId="8361a37d-f5c7-be57-b473-2220e694bf8e" executionId="310d0250-eee5-4071-b9be-4f413a428a20" testListId="8c84fa94-04c1-424b-9868-57a2d4851a1d" />
    <TestEntry testId="834eb81c-a37c-3620-4426-b5d4fde5c06a" executionId="a5934941-161d-4e87-9c49-0232b615abc8" testListId="8c84fa94-04c1-424b-9868-57a2d4851a1d" />
    <TestEntry testId="b80cd3a8-2189-782a-6f8a-63effd4524da" executionId="ba4c534a-a9d3-43ed-961b-71a13fd80693" testListId="8c84fa94-04c1-424b-9868-57a2d4851a1d" />
    <TestEntry testId="c4e38664-db6a-f28a-a5a5-ff5fa3e01c53" executionId="b80773a7-06b7-42e8-b652-36030881b677" testListId="8c84fa94-04c1-424b-9868-57a2d4851a1d" />
    <TestEntry testId="dd253941-8bd3-8f63-a00f-da0be9379373" executionId="fd9d34d8-7642-4e9c-8f4d-cf237e717ffb" testListId="8c84fa94-04c1-424b-9868-57a2d4851a1d" />
    <TestEntry testId="d048ca3c-b630-885b-d565-96556520bc71" executionId="d89bbc15-fead-4607-9808-774fd9d3ac20" testListId="8c84fa94-04c1-424b-9868-57a2d4851a1d" />
    <TestEntry testId="634ae38d-24d6-6716-7db5-7e55e167b297" executionId="78cd76ee-d17b-40f1-96f0-f0e21b8fda60" testListId="8c84fa94-04c1-424b-9868-57a2d4851a1d" />
    <TestEntry testId="8ee446ac-0cc1-a61a-5274-16db49a330fa" executionId="d7542766-bb40-4547-bed5-71ca0e8b4607" testListId="8c84fa94-04c1-424b-9868-57a2d4851a1d" />
    <TestEntry testId="9f01bd26-6ed7-b1de-51c5-e2dcc5f11242" executionId="c3fdff24-950f-4191-bcd9-38b231cfc7bb" testListId="8c84fa94-04c1-424b-9868-57a2d4851a1d" />
    <TestEntry testId="a2d6c84a-f487-c2cc-350f-fb76eb6b243c" executionId="8e329fbc-daec-4cd2-8b86-8b99b569f64f" testListId="8c84fa94-04c1-424b-9868-57a2d4851a1d" />
  </TestEntries>
  <TestLists>
    <TestList name="Results Not in a List" id="8c84fa94-04c1-424b-9868-57a2d4851a1d" />
    <TestList name="All Loaded Results" id="19431567-8539-422a-85d7-44ee4e166bda" />
  </TestLists>
  <ResultSummary outcome="Completed">
    <Counters total="19" executed="19" passed="19" failed="0" error="0" timeout="0" aborted="0" inconclusive="0" passedButRunAborted="0" notRunnable="0" notExecuted="0" disconnected="0" warning="0" completed="0" inProgress="0" pending="0" />
    <Output>
      <StdOut>[xUnit.net 00:00:00.00] xUnit.net VSTest Adapter v3.1.0+00ab0a9ec4 (64-bit .NET 8.0.16)
[xUnit.net 00:00:00.75]   Discovering: ShulamitP_Mizrahi_Calc_Api.Tests
[xUnit.net 00:00:01.01]   Discovered:  ShulamitP_Mizrahi_Calc_Api.Tests
[xUnit.net 00:00:01.07]   Starting:    ShulamitP_Mizrahi_Calc_Api.Tests
[xUnit.net 00:00:02.13]   Finished:    ShulamitP_Mizrahi_Calc_Api.Tests
</StdOut>
    </Output>
  </ResultSummary>
</TestRun>